[debug] [2021-02-22T22:00:35.276Z] ----------------------------------------------------------------------
[debug] [2021-02-22T22:00:35.278Z] Command:       /usr/local/bin/firebase /home/user/.cache/firebase/tools/lib/node_modules/firebase-tools/lib/bin/firebase init hosting
[debug] [2021-02-22T22:00:35.278Z] CLI Version:   9.4.0
[debug] [2021-02-22T22:00:35.278Z] Platform:      linux
[debug] [2021-02-22T22:00:35.278Z] Node Version:  v12.18.1
[debug] [2021-02-22T22:00:35.278Z] Time:          Mon Feb 22 2021 23:00:35 GMT+0100 (Central European Standard Time)
[debug] [2021-02-22T22:00:35.278Z] ----------------------------------------------------------------------
[debug] [2021-02-22T22:00:35.278Z] 
[debug] [2021-02-22T22:00:35.282Z] > command requires scopes: ["email","openid","https://www.googleapis.com/auth/cloudplatformprojects.readonly","https://www.googleapis.com/auth/firebase","https://www.googleapis.com/auth/cloud-platform"]
[debug] [2021-02-22T22:00:35.282Z] > authorizing via signed-in user
[info] 
     ######## #### ########  ######## ########     ###     ######  ########
     ##        ##  ##     ## ##       ##     ##  ##   ##  ##       ##
     ######    ##  ########  ######   ########  #########  ######  ######
     ##        ##  ##    ##  ##       ##     ## ##     ##       ## ##
     ##       #### ##     ## ######## ########  ##     ##  ######  ########

You're about to initialize a Firebase project in this directory:

  /home/user/Julian/Web_Dev/Repositories/Recipe-Bloc

Before we get started, keep in mind:

  * You are initializing in an existing Firebase project directory

[info] 
=== Project Setup
[info] 
[info] First, let's associate this project directory with a Firebase project.
[info] You can create multiple project aliases by running firebase use --add, 
[info] but for now we'll just set up a default project.
[info] 
[info] i  .firebaserc already has a default project, using recipe-bloc-e4396. 
[debug] [2021-02-22T22:00:35.286Z] > refreshing access token with scopes: []
[debug] [2021-02-22T22:00:35.287Z] >>> HTTP REQUEST POST https://www.googleapis.com/oauth2/v3/token  
 <request body omitted>
[debug] [2021-02-22T22:00:35.417Z] <<< HTTP RESPONSE 200 {"pragma":"no-cache","expires":"Mon, 01 Jan 1990 00:00:00 GMT","cache-control":"no-cache, no-store, max-age=0, must-revalidate","date":"Mon, 22 Feb 2021 22:00:35 GMT","content-type":"application/json; charset=utf-8","vary":"X-Origin, Referer, Origin,Accept-Encoding","server":"scaffolding on HTTPServer2","x-xss-protection":"0","x-frame-options":"SAMEORIGIN","x-content-type-options":"nosniff","alt-svc":"h3-29=\":443\"; ma=2592000,h3-T051=\":443\"; ma=2592000,h3-Q050=\":443\"; ma=2592000,h3-Q046=\":443\"; ma=2592000,h3-Q043=\":443\"; ma=2592000,quic=\":443\"; ma=2592000; v=\"46,43\"","accept-ranges":"none","transfer-encoding":"chunked"}
[debug] [2021-02-22T22:00:35.437Z] >>> [apiv2][query] GET https://firebase.googleapis.com/v1beta1/projects/recipe-bloc-e4396 [none]
[debug] [2021-02-22T22:00:35.984Z] <<< [apiv2][status] GET https://firebase.googleapis.com/v1beta1/projects/recipe-bloc-e4396 200
[debug] [2021-02-22T22:00:35.985Z] <<< [apiv2][body] GET https://firebase.googleapis.com/v1beta1/projects/recipe-bloc-e4396 {"projectId":"recipe-bloc-e4396","projectNumber":"1096729476798","displayName":"recipe-bloc","name":"projects/recipe-bloc-e4396","resources":{"hostingSite":"recipe-bloc-e4396"},"state":"ACTIVE"}
[info] 
=== Hosting Setup
[info] 
[info] Your public directory is the folder (relative to your project directory) that
[info] will contain Hosting assets to be uploaded with firebase deploy. If you
[info] have a build process for your assets, use your build's output directory.
[info] 
